<?xml version="1.0" encoding="UTF-8"?>
<!-- Generated by org.testng.reporters.JUnitReportReporter -->
<testsuite skipped="0" hostname="RK-MacWorld.local" name="com.db.Regression.LoginTest" tests="1" failures="0" timestamp="26 Nov 2020 15:00:33 GMT" time="10.513" errors="0">
  <testcase name="LoginTest" time="10.513" classname="com.db.Regression.LoginTest"/>
</testsuite> <!-- com.db.Regression.LoginTest -->
