<?xml version="1.0" encoding="UTF-8"?>
<!-- Generated by org.testng.reporters.JUnitReportReporter -->
<testsuite skipped="0" hostname="RK-MacWorld.local" name="com.db.Regression.importTest" tests="1" failures="0" timestamp="29 Nov 2020 05:18:52 GMT" time="33.245" errors="0">
  <testcase name="importTest" time="33.245" classname="com.db.Regression.importTest"/>
</testsuite> <!-- com.db.Regression.importTest -->
