<?xml version="1.0" encoding="UTF-8"?>
<!-- Generated by org.testng.reporters.JUnitReportReporter -->
<testsuite skipped="0" hostname="RK-MacWorld.local" name="com.db.Regression.LoginTest" tests="1" failures="0" timestamp="25 Nov 2020 11:15:24 GMT" time="13.202" errors="0">
  <testcase name="LoginTest" time="13.202" classname="com.db.Regression.LoginTest"/>
</testsuite> <!-- com.db.Regression.LoginTest -->
