<?xml version="1.0" encoding="UTF-8"?>
<!-- Generated by org.testng.reporters.JUnitReportReporter -->
<testsuite skipped="0" hostname="RK-MacWorld.local" name="com.db.Regression.NewAPITest" tests="1" failures="0" timestamp="02 Dec 2020 04:22:02 GMT" time="63.793" errors="0">
  <testcase name="NewAPITest" time="63.793" classname="com.db.Regression.NewAPITest"/>
</testsuite> <!-- com.db.Regression.NewAPITest -->
